c:\users\monster\documents\vısual studıo 2015\projects\bunny\bunny\debug\vc140.pdb
c:\users\monster\documents\vısual studıo 2015\projects\bunny\bunny\debug\vc140.ıdb
c:\users\monster\documents\vısual studıo 2015\projects\bunny\bunny\debug\angel.obj
c:\users\monster\documents\vısual studıo 2015\projects\bunny\bunny\debug\source.obj
c:\users\monster\documents\vısual studıo 2015\projects\bunny\debug\bunny.ılk
c:\users\monster\documents\vısual studıo 2015\projects\bunny\debug\bunny.exe
c:\users\monster\documents\vısual studıo 2015\projects\bunny\debug\bunny.pdb
c:\users\monster\documents\visual studio 2015\projects\bunny\bunny\debug\angel.obj
c:\users\monster\documents\visual studio 2015\projects\bunny\bunny\debug\source.obj
c:\users\monster\documents\visual studio 2015\projects\bunny\bunny\debug\vc140.idb
c:\users\monster\documents\visual studio 2015\projects\bunny\bunny\debug\vc140.pdb
c:\users\monster\documents\visual studio 2015\projects\bunny\debug\bunny.pdb
c:\users\monster\documents\visual studio 2015\projects\bunny\debug\bunny.exe
c:\users\monster\documents\visual studio 2015\projects\bunny\debug\bunny.ilk
c:\users\monster\documents\visual studio 2015\projects\bunny\bunny\debug\bunny.tlog\cl.command.1.tlog
c:\users\monster\documents\visual studio 2015\projects\bunny\bunny\debug\bunny.tlog\cl.read.1.tlog
c:\users\monster\documents\visual studio 2015\projects\bunny\bunny\debug\bunny.tlog\cl.write.1.tlog
c:\users\monster\documents\visual studio 2015\projects\bunny\bunny\debug\bunny.tlog\link.command.1.tlog
c:\users\monster\documents\visual studio 2015\projects\bunny\bunny\debug\bunny.tlog\link.read.1.tlog
c:\users\monster\documents\visual studio 2015\projects\bunny\bunny\debug\bunny.tlog\link.write.1.tlog
